E:\学校\程序\CLUSTER20150816\CLUSTER\RELEASE\ADJUST_TOOL.OBJ
E:\学校\程序\CLUSTER20150816\CLUSTER\RELEASE\BASINHOPPING.OBJ
E:\学校\程序\Cluster20150816\Cluster\Release\cl.command.1.tlog
E:\学校\程序\Cluster20150816\Cluster\Release\CL.read.1.tlog
E:\学校\程序\Cluster20150816\Cluster\Release\CL.write.1.tlog
E:\学校\程序\CLUSTER20150816\CLUSTER\RELEASE\CLUSTER.EXE.INTERMEDIATE.MANIFEST
E:\学校\程序\CLUSTER20150816\CLUSTER\RELEASE\CLUSTER.OBJ
E:\学校\程序\Cluster20150816\Cluster\Release\Cluster.vcxprojResolveAssemblyReference.cache
E:\学校\程序\Cluster20150816\Cluster\Release\Cluster.write.1.tlog
E:\学校\程序\CLUSTER20150816\CLUSTER\RELEASE\DE.OBJ
E:\学校\程序\CLUSTER20150816\CLUSTER\RELEASE\DE_MANAGE.OBJ
E:\学校\程序\CLUSTER20150816\CLUSTER\RELEASE\ELITE_POOL.OBJ
E:\学校\程序\CLUSTER20150816\CLUSTER\RELEASE\GA.OBJ
E:\学校\程序\Cluster20150816\Cluster\Release\link.command.1.tlog
E:\学校\程序\Cluster20150816\Cluster\Release\link.read.1.tlog
E:\学校\程序\Cluster20150816\Cluster\Release\link.write.1.tlog
E:\学校\程序\CLUSTER20150816\CLUSTER\RELEASE\LIST.OBJ
E:\学校\程序\CLUSTER20150816\CLUSTER\RELEASE\LOCALTOOL.OBJ
E:\学校\程序\CLUSTER20150816\CLUSTER\RELEASE\MAIN.OBJ
E:\学校\程序\Cluster20150816\Cluster\Release\mt.command.1.tlog
E:\学校\程序\Cluster20150816\Cluster\Release\mt.read.1.tlog
E:\学校\程序\Cluster20150816\Cluster\Release\mt.write.1.tlog
E:\学校\程序\CLUSTER20150816\CLUSTER\RELEASE\NELBFGS.OBJ
E:\学校\程序\CLUSTER20150816\CLUSTER\RELEASE\PE_TOOL.OBJ
E:\学校\程序\CLUSTER20150816\CLUSTER\RELEASE\TOOL.OBJ
E:\学校\程序\CLUSTER20150816\CLUSTER\RELEASE\VC100.PDB
E:\学校\程序\CLUSTER20150816\RELEASE\CLUSTER.EXE
E:\学校\程序\Cluster20150816\Release\Cluster.exp
E:\学校\程序\Cluster20150816\Release\Cluster.lib
E:\学校\程序\CLUSTER20150816\RELEASE\CLUSTER.PDB
