生成启动时间为 2015/11/18 7:52:14。
     1>项目“E:\学校\程序\Cluster20150816\Cluster\Cluster.vcxproj”在节点 2 上(build 个目标)。
     1>InitializeBuildStatus:
         正在创建“Release\Cluster.unsuccessfulbuild”，因为已指定“AlwaysCreate”。
       ClCompile:
         D:\Program Files\Microsoft Visual Studio 10.0\VC\bin\CL.exe /c /I"E:\学校\程序\Cluster20150816\include" /Zi /nologo /W3 /WX- /O2 /Oi /Oy- /GL /D _MBCS /Gm- /EHsc /MD /GS /Gy /fp:precise /Zc:wchar_t /Zc:forScope /Fo"Release\\" /Fd"Release\vc100.pdb" /Gd /TP /analyze- /errorReport:prompt DE_Manage.cpp
         DE_Manage.cpp
     1>DE_Manage.cpp(69): warning C4996: 'sprintf': This function or variable may be unsafe. Consider using sprintf_s instead. To disable deprecation, use _CRT_SECURE_NO_WARNINGS. See online help for details.
                 D:\Program Files\Microsoft Visual Studio 10.0\VC\include\stdio.h(371) : 参见“sprintf”的声明
     1>DE_Manage.cpp(77): warning C4996: 'sprintf': This function or variable may be unsafe. Consider using sprintf_s instead. To disable deprecation, use _CRT_SECURE_NO_WARNINGS. See online help for details.
                 D:\Program Files\Microsoft Visual Studio 10.0\VC\include\stdio.h(371) : 参见“sprintf”的声明
     1>DE_Manage.cpp(78): warning C4996: 'mkdir': The POSIX name for this item is deprecated. Instead, use the ISO C++ conformant name: _mkdir. See online help for details.
                 D:\Program Files\Microsoft Visual Studio 10.0\VC\include\direct.h(124) : 参见“mkdir”的声明
     1>DE_Manage.cpp(79): warning C4996: 'sprintf': This function or variable may be unsafe. Consider using sprintf_s instead. To disable deprecation, use _CRT_SECURE_NO_WARNINGS. See online help for details.
                 D:\Program Files\Microsoft Visual Studio 10.0\VC\include\stdio.h(371) : 参见“sprintf”的声明
     1>DE_Manage.cpp(80): warning C4996: 'fopen': This function or variable may be unsafe. Consider using fopen_s instead. To disable deprecation, use _CRT_SECURE_NO_WARNINGS. See online help for details.
                 D:\Program Files\Microsoft Visual Studio 10.0\VC\include\stdio.h(234) : 参见“fopen”的声明
     1>DE_Manage.cpp(83): warning C4996: 'sprintf': This function or variable may be unsafe. Consider using sprintf_s instead. To disable deprecation, use _CRT_SECURE_NO_WARNINGS. See online help for details.
                 D:\Program Files\Microsoft Visual Studio 10.0\VC\include\stdio.h(371) : 参见“sprintf”的声明
     1>DE_Manage.cpp(84): warning C4996: 'fopen': This function or variable may be unsafe. Consider using fopen_s instead. To disable deprecation, use _CRT_SECURE_NO_WARNINGS. See online help for details.
                 D:\Program Files\Microsoft Visual Studio 10.0\VC\include\stdio.h(234) : 参见“fopen”的声明
     1>DE_Manage.cpp(154): warning C4996: 'gets': This function or variable may be unsafe. Consider using gets_s instead. To disable deprecation, use _CRT_SECURE_NO_WARNINGS. See online help for details.
                 D:\Program Files\Microsoft Visual Studio 10.0\VC\include\stdio.h(277) : 参见“gets”的声明
     1>DE_Manage.cpp(254): warning C4996: 'sprintf': This function or variable may be unsafe. Consider using sprintf_s instead. To disable deprecation, use _CRT_SECURE_NO_WARNINGS. See online help for details.
                 D:\Program Files\Microsoft Visual Studio 10.0\VC\include\stdio.h(371) : 参见“sprintf”的声明
     1>DE_Manage.cpp(256): warning C4996: 'fopen': This function or variable may be unsafe. Consider using fopen_s instead. To disable deprecation, use _CRT_SECURE_NO_WARNINGS. See online help for details.
                 D:\Program Files\Microsoft Visual Studio 10.0\VC\include\stdio.h(234) : 参见“fopen”的声明
     1>DE_Manage.cpp(259): warning C4996: 'fscanf': This function or variable may be unsafe. Consider using fscanf_s instead. To disable deprecation, use _CRT_SECURE_NO_WARNINGS. See online help for details.
                 D:\Program Files\Microsoft Visual Studio 10.0\VC\include\stdio.h(253) : 参见“fscanf”的声明
     1>DE_Manage.cpp(260): warning C4996: 'fscanf': This function or variable may be unsafe. Consider using fscanf_s instead. To disable deprecation, use _CRT_SECURE_NO_WARNINGS. See online help for details.
                 D:\Program Files\Microsoft Visual Studio 10.0\VC\include\stdio.h(253) : 参见“fscanf”的声明
       Link:
         D:\Program Files\Microsoft Visual Studio 10.0\VC\bin\link.exe /ERRORREPORT:PROMPT /OUT:"E:\学校\程序\Cluster20150816\Release\Cluster.exe" /NOLOGO kernel32.lib user32.lib gdi32.lib winspool.lib comdlg32.lib advapi32.lib shell32.lib ole32.lib oleaut32.lib uuid.lib odbc32.lib odbccp32.lib /MANIFEST /ManifestFile:"Release\Cluster.exe.intermediate.manifest" /MANIFESTUAC:"level='asInvoker' uiAccess='false'" /DEBUG /PDB:"E:\学校\程序\Cluster20150816\Release\Cluster.pdb" /OPT:REF /OPT:ICF /LTCG /TLBID:1 /DYNAMICBASE /NXCOMPAT /IMPLIB:"E:\学校\程序\Cluster20150816\Release\Cluster.lib" /MACHINE:X86 Release\Adjust_Tool.obj
         Release\BasinHopping.obj
         Release\Cluster.obj
         Release\DE.obj
         Release\DE_Manage.obj
         Release\Elite_Pool.obj
         Release\GA.obj
         Release\List.obj
         Release\LocalTool.obj
         Release\main.obj
         Release\NELbfgs.obj
         Release\PE_Tool.obj
         Release\Tool.obj
         "E:\学校\程序\Cluster20150816\Release\Cluster.lib"
         正在生成代码
         已完成代码的生成
         Cluster.vcxproj -> E:\学校\程序\Cluster20150816\Release\Cluster.exe
       Manifest:
         C:\Program Files\Microsoft SDKs\Windows\v7.0A\bin\mt.exe /nologo /verbose /outputresource:"E:\学校\程序\Cluster20150816\Release\Cluster.exe;#1" /manifest Release\Cluster.exe.intermediate.manifest
       FinalizeBuildStatus:
         正在删除文件“Release\Cluster.unsuccessfulbuild”。
         正在对“Release\Cluster.lastbuildstate”执行 Touch 任务。
     1>已完成生成项目“E:\学校\程序\Cluster20150816\Cluster\Cluster.vcxproj”(build 个目标)的操作。

生成成功。

已用时间 00:00:03.23
