E:\工作\CLUSTER\CLUSTER\DEBUG\ADJUST_TOOL.OBJ
E:\工作\CLUSTER\CLUSTER\DEBUG\BASINHOPPING.OBJ
E:\工作\Cluster\Cluster\Debug\cl.command.1.tlog
E:\工作\Cluster\Cluster\Debug\CL.read.1.tlog
E:\工作\Cluster\Cluster\Debug\CL.write.1.tlog
E:\工作\CLUSTER\CLUSTER\DEBUG\CLUSTER.EXE.INTERMEDIATE.MANIFEST
E:\工作\CLUSTER\CLUSTER\DEBUG\CLUSTER.OBJ
E:\工作\Cluster\Cluster\Debug\Cluster.vcxprojResolveAssemblyReference.cache
E:\工作\Cluster\Cluster\Debug\Cluster.write.1.tlog
E:\工作\CLUSTER\CLUSTER\DEBUG\DE.OBJ
E:\工作\CLUSTER\CLUSTER\DEBUG\DE_MANAGE.OBJ
E:\工作\CLUSTER\CLUSTER\DEBUG\ELITE_POOL.OBJ
E:\工作\CLUSTER\CLUSTER\DEBUG\GA.OBJ
E:\工作\Cluster\Cluster\Debug\link.command.1.tlog
E:\工作\Cluster\Cluster\Debug\link.read.1.tlog
E:\工作\Cluster\Cluster\Debug\link.write.1.tlog
E:\工作\CLUSTER\CLUSTER\DEBUG\LIST.OBJ
E:\工作\CLUSTER\CLUSTER\DEBUG\LOCALTOOL.OBJ
E:\工作\CLUSTER\CLUSTER\DEBUG\MAIN.OBJ
E:\工作\Cluster\Cluster\Debug\mt.command.1.tlog
E:\工作\Cluster\Cluster\Debug\mt.read.1.tlog
E:\工作\Cluster\Cluster\Debug\mt.write.1.tlog
E:\工作\CLUSTER\CLUSTER\DEBUG\NELBFGS.OBJ
E:\工作\CLUSTER\CLUSTER\DEBUG\PE_TOOL.OBJ
E:\工作\CLUSTER\CLUSTER\DEBUG\TOOL.OBJ
E:\工作\Cluster\Cluster\Debug\vc100.idb
E:\工作\CLUSTER\CLUSTER\DEBUG\VC100.PDB
E:\工作\CLUSTER\DEBUG\CLUSTER.EXE
E:\工作\CLUSTER\DEBUG\CLUSTER.ILK
E:\工作\CLUSTER\DEBUG\CLUSTER.PDB
